<?xml version="1.0" encoding="UTF-8"?>
<!-- Generated by org.testng.reporters.JUnitReportReporter -->
<testsuite skipped="0" hostname="DESKTOP-HJBVMJK" name="dataProvider.Dataprovider_Excel" tests="3" failures="0" timestamp="14 Aug 2021 14:48:18 GMT" time="142.171" errors="0">
  <testcase name="getdata" time="33.336" classname="dataProvider.Dataprovider_Excel"/>
  <testcase name="getdata" time="37.638" classname="dataProvider.Dataprovider_Excel"/>
  <testcase name="getdata" time="71.197" classname="dataProvider.Dataprovider_Excel"/>
</testsuite> <!-- dataProvider.Dataprovider_Excel -->
