<?xml version="1.0" encoding="UTF-8"?>
<!-- Generated by org.testng.reporters.JUnitReportReporter -->
<testsuite skipped="0" hostname="DESKTOP-HJBVMJK" name="dataProvider.Data_Provider" tests="5" failures="0" timestamp="22 Aug 2021 07:50:28 GMT" time="0.018" errors="0">
  <testcase name="data" time="0.004" classname="dataProvider.Data_Provider"/>
  <testcase name="data" time="0.001" classname="dataProvider.Data_Provider"/>
  <testcase name="data" time="0.001" classname="dataProvider.Data_Provider"/>
  <testcase name="data" time="0.011" classname="dataProvider.Data_Provider"/>
  <testcase name="data" time="0.001" classname="dataProvider.Data_Provider"/>
</testsuite> <!-- dataProvider.Data_Provider -->
