<?xml version="1.0" encoding="UTF-8"?>
<!-- Generated by org.testng.reporters.JUnitReportReporter -->
<testsuite skipped="0" hostname="DESKTOP-HJBVMJK" name="dataProvider.Data_Provider" tests="5" failures="0" timestamp="13 Aug 2021 07:22:15 GMT" time="0.018" errors="0">
  <testcase name="data" time="0.001" classname="dataProvider.Data_Provider"/>
  <testcase name="data" time="0.001" classname="dataProvider.Data_Provider"/>
  <testcase name="data" time="0.002" classname="dataProvider.Data_Provider"/>
  <testcase name="data" time="0.008" classname="dataProvider.Data_Provider"/>
  <testcase name="data" time="0.006" classname="dataProvider.Data_Provider"/>
</testsuite> <!-- dataProvider.Data_Provider -->
