<?xml version="1.0" encoding="UTF-8"?>
<!-- Generated by org.testng.reporters.JUnitReportReporter -->
<testsuite skipped="0" hostname="DESKTOP-HJBVMJK" name="dataProvider.MMT_calender_dataprovider" tests="5" failures="0" timestamp="13 Aug 2021 09:37:04 GMT" time="190.027" errors="0">
  <testcase name="selectcities" time="34.174" classname="dataProvider.MMT_calender_dataprovider"/>
  <testcase name="selectcities" time="62.021" classname="dataProvider.MMT_calender_dataprovider"/>
  <testcase name="selectcities" time="25.351" classname="dataProvider.MMT_calender_dataprovider"/>
  <testcase name="selectcities" time="32.497" classname="dataProvider.MMT_calender_dataprovider"/>
  <testcase name="selectcities" time="35.984" classname="dataProvider.MMT_calender_dataprovider"/>
</testsuite> <!-- dataProvider.MMT_calender_dataprovider -->
