<?xml version="1.0" encoding="UTF-8"?>
<!-- Generated by org.testng.reporters.JUnitReportReporter -->
<testsuite skipped="0" hostname="DESKTOP-HJBVMJK" name="dataProvider.Data" tests="1" failures="0" timestamp="13 Aug 2021 07:21:58 GMT" time="0.032" errors="0">
  <testcase name="s1" time="0.032" classname="dataProvider.Data"/>
</testsuite> <!-- dataProvider.Data -->
